<?xml version="1.0" encoding="UTF-8"?>
<!-- Generated by org.testng.reporters.JUnitReportReporter -->
<testsuite skipped="0" hostname="shree-PC" name="googletest.sample" tests="1" failures="0" timestamp="24 May 2017 04:10:12 GMT" time="21.512" errors="0">
  <testcase name="webload" time="21.512" classname="googletest.sample"/>
</testsuite> <!-- googletest.sample -->
